build/app/intermediates/manifest_merge_blame_file/debug/manifest-merger-blame-debug-report.txt
1<?xml version="1.0" encoding="utf-8"?>
2<manifest xmlns:android="http://schemas.android.com/apk/res/android"
3    package="ipet.adocao.com.projetoipet"
4    android:versionCode="1"
5    android:versionName="1.0.0" >
6
7    <uses-sdk
8        android:minSdkVersion="21"
9        android:targetSdkVersion="34" />
10    <!--
11         The INTERNET permission is required for development. Specifically,
12         the Flutter tool needs it to communicate with the running application
13         to allow setting breakpoints, to provide hot reload, etc.
14    -->
15    <uses-permission android:name="android.permission.INTERNET" />
15-->src\main\AndroidManifest.xml:7:5-66
15-->src\main\AndroidManifest.xml:7:22-64
16    <!-- Permissões necessárias -->
17    <uses-permission android:name="android.permission.ACCESS_FINE_LOCATION" />
17-->src\main\AndroidManifest.xml:5:5-78
17-->src\main\AndroidManifest.xml:5:22-76
18    <uses-permission android:name="android.permission.ACCESS_COARSE_LOCATION" />
18-->src\main\AndroidManifest.xml:6:5-80
18-->src\main\AndroidManifest.xml:6:22-78
19    <!--
20 Required to query activities that can process text, see:
21         https://developer.android.com/training/package-visibility and
22         https://developer.android.com/reference/android/content/Intent#ACTION_PROCESS_TEXT.
23
24         In particular, this is used by the Flutter engine in io.flutter.plugin.text.ProcessTextPlugin.
25    -->
26    <queries>
26-->src\main\AndroidManifest.xml:45:5-50:15
27        <intent>
27-->src\main\AndroidManifest.xml:46:9-49:18
28            <action android:name="android.intent.action.PROCESS_TEXT" />
28-->src\main\AndroidManifest.xml:47:13-72
28-->src\main\AndroidManifest.xml:47:21-70
29
30            <data android:mimeType="text/plain" />
30-->src\main\AndroidManifest.xml:48:13-50
30-->src\main\AndroidManifest.xml:48:19-48
31        </intent>
32    </queries>
33
34    <uses-permission android:name="android.permission.WAKE_LOCK" />
34-->[:firebase_messaging] AndroidManifest.xml:10:5-68
34-->[:firebase_messaging] AndroidManifest.xml:10:22-65
35    <uses-permission android:name="android.permission.ACCESS_NETWORK_STATE" /> <!-- Permissions options for the `notification` group -->
35-->[:firebase_messaging] AndroidManifest.xml:11:5-79
35-->[:firebase_messaging] AndroidManifest.xml:11:22-76
36    <uses-permission android:name="android.permission.POST_NOTIFICATIONS" />
36-->[:firebase_messaging] AndroidManifest.xml:13:5-77
36-->[:firebase_messaging] AndroidManifest.xml:13:22-74
37    <uses-permission android:name="android.permission.RECEIVE_BOOT_COMPLETED" />
37-->[:flutter_local_notifications] AndroidManifest.xml:9:5-81
37-->[:flutter_local_notifications] AndroidManifest.xml:9:22-78
38    <uses-permission android:name="android.permission.VIBRATE" />
38-->[:flutter_local_notifications] AndroidManifest.xml:10:5-66
38-->[:flutter_local_notifications] AndroidManifest.xml:10:22-63
39    <uses-permission android:name="android.permission.USE_FULL_SCREEN_INTENT" />
39-->[:flutter_local_notifications] AndroidManifest.xml:11:5-81
39-->[:flutter_local_notifications] AndroidManifest.xml:11:22-78
40    <uses-permission android:name="android.permission.SCHEDULE_EXACT_ALARM" /> <!-- Required by older versions of Google Play services to create IID tokens -->
40-->[:flutter_local_notifications] AndroidManifest.xml:12:5-79
40-->[:flutter_local_notifications] AndroidManifest.xml:12:22-76
41    <uses-permission android:name="com.google.android.c2dm.permission.RECEIVE" />
41-->[com.google.firebase:firebase-messaging:23.4.1] AndroidManifest.xml:26:5-82
41-->[com.google.firebase:firebase-messaging:23.4.1] AndroidManifest.xml:26:22-79
42    <uses-permission android:name="com.google.android.providers.gsf.permission.READ_GSERVICES" />
42-->[com.google.android.recaptcha:recaptcha:18.4.0] AndroidManifest.xml:9:5-98
42-->[com.google.android.recaptcha:recaptcha:18.4.0] AndroidManifest.xml:9:22-95
43
44    <permission
44-->[androidx.core:core:1.13.1] AndroidManifest.xml:22:5-24:47
45        android:name="ipet.adocao.com.projetoipet.DYNAMIC_RECEIVER_NOT_EXPORTED_PERMISSION"
45-->[androidx.core:core:1.13.1] AndroidManifest.xml:23:9-81
46        android:protectionLevel="signature" />
46-->[androidx.core:core:1.13.1] AndroidManifest.xml:24:9-44
47
48    <uses-permission android:name="ipet.adocao.com.projetoipet.DYNAMIC_RECEIVER_NOT_EXPORTED_PERMISSION" />
48-->[androidx.core:core:1.13.1] AndroidManifest.xml:26:5-97
48-->[androidx.core:core:1.13.1] AndroidManifest.xml:26:22-94
49
50    <application
51        android:name="android.app.Application"
52        android:appComponentFactory="androidx.core.app.CoreComponentFactory"
52-->[androidx.core:core:1.13.1] AndroidManifest.xml:28:18-86
53        android:debuggable="true"
54        android:icon="@mipmap/ic_launcher"
55        android:label="projetoipet" >
56        <activity
57            android:name="ipet.adocao.com.projetoipet.MainActivity"
58            android:configChanges="orientation|keyboardHidden|keyboard|screenSize|smallestScreenSize|locale|layoutDirection|fontScale|screenLayout|density|uiMode"
59            android:exported="true"
60            android:hardwareAccelerated="true"
61            android:launchMode="singleTop"
62            android:taskAffinity=""
63            android:theme="@style/LaunchTheme"
64            android:windowSoftInputMode="adjustResize" >
65            <meta-data
66                android:name="io.flutter.embedding.android.NormalTheme"
67                android:resource="@style/NormalTheme" />
68
69            <intent-filter>
70                <action android:name="android.intent.action.MAIN" />
71
72                <category android:name="android.intent.category.LAUNCHER" />
73            </intent-filter>
74        </activity>
75
76        <meta-data
77            android:name="flutterEmbedding"
78            android:value="2" />
79
80        <service
80-->[:cloud_firestore] AndroidManifest.xml:10:9-14:19
81            android:name="com.google.firebase.components.ComponentDiscoveryService"
81-->[:cloud_firestore] AndroidManifest.xml:10:18-89
82            android:directBootAware="true"
82-->[com.google.firebase:firebase-common:20.4.3] AndroidManifest.xml:32:13-43
83            android:exported="false" >
83-->[com.google.firebase:firebase-auth:22.3.1] AndroidManifest.xml:68:13-37
84            <meta-data
84-->[:cloud_firestore] AndroidManifest.xml:11:13-13:85
85                android:name="com.google.firebase.components:io.flutter.plugins.firebase.firestore.FlutterFirebaseFirestoreRegistrar"
85-->[:cloud_firestore] AndroidManifest.xml:12:17-134
86                android:value="com.google.firebase.components.ComponentRegistrar" />
86-->[:cloud_firestore] AndroidManifest.xml:13:17-82
87            <meta-data
87-->[:firebase_auth] AndroidManifest.xml:11:13-13:85
88                android:name="com.google.firebase.components:io.flutter.plugins.firebase.auth.FlutterFirebaseAuthRegistrar"
88-->[:firebase_auth] AndroidManifest.xml:12:17-124
89                android:value="com.google.firebase.components.ComponentRegistrar" />
89-->[:firebase_auth] AndroidManifest.xml:13:17-82
90            <meta-data
90-->[:firebase_messaging] AndroidManifest.xml:38:13-40:85
91                android:name="com.google.firebase.components:io.flutter.plugins.firebase.messaging.FlutterFirebaseAppRegistrar"
91-->[:firebase_messaging] AndroidManifest.xml:39:17-128
92                android:value="com.google.firebase.components.ComponentRegistrar" />
92-->[:firebase_messaging] AndroidManifest.xml:40:17-82
93            <meta-data
93-->[:firebase_storage] AndroidManifest.xml:11:13-13:85
94                android:name="com.google.firebase.components:io.flutter.plugins.firebase.storage.FlutterFirebaseAppRegistrar"
94-->[:firebase_storage] AndroidManifest.xml:12:17-126
95                android:value="com.google.firebase.components.ComponentRegistrar" />
95-->[:firebase_storage] AndroidManifest.xml:13:17-82
96            <meta-data
96-->[:firebase_core] AndroidManifest.xml:11:13-13:85
97                android:name="com.google.firebase.components:io.flutter.plugins.firebase.core.FlutterFirebaseCoreRegistrar"
97-->[:firebase_core] AndroidManifest.xml:12:17-124
98                android:value="com.google.firebase.components.ComponentRegistrar" />
98-->[:firebase_core] AndroidManifest.xml:13:17-82
99            <meta-data
99-->[com.google.firebase:firebase-auth:22.3.1] AndroidManifest.xml:69:13-71:85
100                android:name="com.google.firebase.components:com.google.firebase.auth.FirebaseAuthRegistrar"
100-->[com.google.firebase:firebase-auth:22.3.1] AndroidManifest.xml:70:17-109
101                android:value="com.google.firebase.components.ComponentRegistrar" />
101-->[com.google.firebase:firebase-auth:22.3.1] AndroidManifest.xml:71:17-82
102            <meta-data
102-->[com.google.firebase:firebase-firestore:24.11.0] AndroidManifest.xml:17:13-19:85
103                android:name="com.google.firebase.components:com.google.firebase.firestore.FirebaseFirestoreKtxRegistrar"
103-->[com.google.firebase:firebase-firestore:24.11.0] AndroidManifest.xml:18:17-122
104                android:value="com.google.firebase.components.ComponentRegistrar" />
104-->[com.google.firebase:firebase-firestore:24.11.0] AndroidManifest.xml:19:17-82
105            <meta-data
105-->[com.google.firebase:firebase-firestore:24.11.0] AndroidManifest.xml:20:13-22:85
106                android:name="com.google.firebase.components:com.google.firebase.firestore.FirestoreRegistrar"
106-->[com.google.firebase:firebase-firestore:24.11.0] AndroidManifest.xml:21:17-111
107                android:value="com.google.firebase.components.ComponentRegistrar" />
107-->[com.google.firebase:firebase-firestore:24.11.0] AndroidManifest.xml:22:17-82
108            <meta-data
108-->[com.google.firebase:firebase-messaging:23.4.1] AndroidManifest.xml:57:13-59:85
109                android:name="com.google.firebase.components:com.google.firebase.messaging.FirebaseMessagingKtxRegistrar"
109-->[com.google.firebase:firebase-messaging:23.4.1] AndroidManifest.xml:58:17-122
110                android:value="com.google.firebase.components.ComponentRegistrar" />
110-->[com.google.firebase:firebase-messaging:23.4.1] AndroidManifest.xml:59:17-82
111            <meta-data
111-->[com.google.firebase:firebase-messaging:23.4.1] AndroidManifest.xml:60:13-62:85
112                android:name="com.google.firebase.components:com.google.firebase.messaging.FirebaseMessagingRegistrar"
112-->[com.google.firebase:firebase-messaging:23.4.1] AndroidManifest.xml:61:17-119
113                android:value="com.google.firebase.components.ComponentRegistrar" />
113-->[com.google.firebase:firebase-messaging:23.4.1] AndroidManifest.xml:62:17-82
114            <meta-data
114-->[com.google.firebase:firebase-storage:20.3.0] AndroidManifest.xml:30:13-32:85
115                android:name="com.google.firebase.components:com.google.firebase.storage.FirebaseStorageKtxRegistrar"
115-->[com.google.firebase:firebase-storage:20.3.0] AndroidManifest.xml:31:17-118
116                android:value="com.google.firebase.components.ComponentRegistrar" />
116-->[com.google.firebase:firebase-storage:20.3.0] AndroidManifest.xml:32:17-82
117            <meta-data
117-->[com.google.firebase:firebase-storage:20.3.0] AndroidManifest.xml:33:13-35:85
118                android:name="com.google.firebase.components:com.google.firebase.storage.StorageRegistrar"
118-->[com.google.firebase:firebase-storage:20.3.0] AndroidManifest.xml:34:17-107
119                android:value="com.google.firebase.components.ComponentRegistrar" />
119-->[com.google.firebase:firebase-storage:20.3.0] AndroidManifest.xml:35:17-82
120            <meta-data
120-->[com.google.firebase:firebase-installations:17.2.0] AndroidManifest.xml:15:13-17:85
121                android:name="com.google.firebase.components:com.google.firebase.installations.FirebaseInstallationsKtxRegistrar"
121-->[com.google.firebase:firebase-installations:17.2.0] AndroidManifest.xml:16:17-130
122                android:value="com.google.firebase.components.ComponentRegistrar" />
122-->[com.google.firebase:firebase-installations:17.2.0] AndroidManifest.xml:17:17-82
123            <meta-data
123-->[com.google.firebase:firebase-installations:17.2.0] AndroidManifest.xml:18:13-20:85
124                android:name="com.google.firebase.components:com.google.firebase.installations.FirebaseInstallationsRegistrar"
124-->[com.google.firebase:firebase-installations:17.2.0] AndroidManifest.xml:19:17-127
125                android:value="com.google.firebase.components.ComponentRegistrar" />
125-->[com.google.firebase:firebase-installations:17.2.0] AndroidManifest.xml:20:17-82
126            <meta-data
126-->[com.google.firebase:firebase-appcheck:17.1.2] AndroidManifest.xml:25:13-27:85
127                android:name="com.google.firebase.components:com.google.firebase.appcheck.FirebaseAppCheckKtxRegistrar"
127-->[com.google.firebase:firebase-appcheck:17.1.2] AndroidManifest.xml:26:17-120
128                android:value="com.google.firebase.components.ComponentRegistrar" />
128-->[com.google.firebase:firebase-appcheck:17.1.2] AndroidManifest.xml:27:17-82
129            <meta-data
129-->[com.google.firebase:firebase-appcheck:17.1.2] AndroidManifest.xml:28:13-30:85
130                android:name="com.google.firebase.components:com.google.firebase.appcheck.FirebaseAppCheckRegistrar"
130-->[com.google.firebase:firebase-appcheck:17.1.2] AndroidManifest.xml:29:17-117
131                android:value="com.google.firebase.components.ComponentRegistrar" />
131-->[com.google.firebase:firebase-appcheck:17.1.2] AndroidManifest.xml:30:17-82
132            <meta-data
132-->[com.google.firebase:firebase-common-ktx:20.4.3] AndroidManifest.xml:12:13-14:85
133                android:name="com.google.firebase.components:com.google.firebase.ktx.FirebaseCommonLegacyRegistrar"
133-->[com.google.firebase:firebase-common-ktx:20.4.3] AndroidManifest.xml:13:17-116
134                android:value="com.google.firebase.components.ComponentRegistrar" />
134-->[com.google.firebase:firebase-common-ktx:20.4.3] AndroidManifest.xml:14:17-82
135            <meta-data
135-->[com.google.firebase:firebase-common:20.4.3] AndroidManifest.xml:35:13-37:85
136                android:name="com.google.firebase.components:com.google.firebase.FirebaseCommonKtxRegistrar"
136-->[com.google.firebase:firebase-common:20.4.3] AndroidManifest.xml:36:17-109
137                android:value="com.google.firebase.components.ComponentRegistrar" />
137-->[com.google.firebase:firebase-common:20.4.3] AndroidManifest.xml:37:17-82
138            <meta-data
138-->[com.google.firebase:firebase-datatransport:18.1.7] AndroidManifest.xml:27:13-29:85
139                android:name="com.google.firebase.components:com.google.firebase.datatransport.TransportRegistrar"
139-->[com.google.firebase:firebase-datatransport:18.1.7] AndroidManifest.xml:28:17-115
140                android:value="com.google.firebase.components.ComponentRegistrar" />
140-->[com.google.firebase:firebase-datatransport:18.1.7] AndroidManifest.xml:29:17-82
141        </service>
142        <service
142-->[:firebase_messaging] AndroidManifest.xml:16:9-19:72
143            android:name="io.flutter.plugins.firebase.messaging.FlutterFirebaseMessagingBackgroundService"
143-->[:firebase_messaging] AndroidManifest.xml:17:13-107
144            android:exported="false"
144-->[:firebase_messaging] AndroidManifest.xml:18:13-37
145            android:permission="android.permission.BIND_JOB_SERVICE" />
145-->[:firebase_messaging] AndroidManifest.xml:19:13-69
146        <service
146-->[:firebase_messaging] AndroidManifest.xml:20:9-26:19
147            android:name="io.flutter.plugins.firebase.messaging.FlutterFirebaseMessagingService"
147-->[:firebase_messaging] AndroidManifest.xml:21:13-97
148            android:exported="false" >
148-->[:firebase_messaging] AndroidManifest.xml:22:13-37
149            <intent-filter>
149-->[:firebase_messaging] AndroidManifest.xml:23:13-25:29
150                <action android:name="com.google.firebase.MESSAGING_EVENT" />
150-->[:firebase_messaging] AndroidManifest.xml:24:17-78
150-->[:firebase_messaging] AndroidManifest.xml:24:25-75
151            </intent-filter>
152        </service>
153
154        <receiver
154-->[:firebase_messaging] AndroidManifest.xml:28:9-35:20
155            android:name="io.flutter.plugins.firebase.messaging.FlutterFirebaseMessagingReceiver"
155-->[:firebase_messaging] AndroidManifest.xml:29:13-98
156            android:exported="true"
156-->[:firebase_messaging] AndroidManifest.xml:30:13-36
157            android:permission="com.google.android.c2dm.permission.SEND" >
157-->[:firebase_messaging] AndroidManifest.xml:31:13-73
158            <intent-filter>
158-->[:firebase_messaging] AndroidManifest.xml:32:13-34:29
159                <action android:name="com.google.android.c2dm.intent.RECEIVE" />
159-->[:firebase_messaging] AndroidManifest.xml:33:17-81
159-->[:firebase_messaging] AndroidManifest.xml:33:25-78
160            </intent-filter>
161        </receiver>
162
163        <provider
163-->[:firebase_messaging] AndroidManifest.xml:43:9-47:38
164            android:name="io.flutter.plugins.firebase.messaging.FlutterFirebaseMessagingInitProvider"
164-->[:firebase_messaging] AndroidManifest.xml:44:13-102
165            android:authorities="ipet.adocao.com.projetoipet.flutterfirebasemessaginginitprovider"
165-->[:firebase_messaging] AndroidManifest.xml:45:13-88
166            android:exported="false"
166-->[:firebase_messaging] AndroidManifest.xml:46:13-37
167            android:initOrder="99" />
167-->[:firebase_messaging] AndroidManifest.xml:47:13-35
168
169        <receiver
169-->[:flutter_local_notifications] AndroidManifest.xml:16:9-18:40
170            android:name="com.dexterous.flutterlocalnotifications.ActionBroadcastReceiver"
170-->[:flutter_local_notifications] AndroidManifest.xml:17:13-91
171            android:exported="false" />
171-->[:flutter_local_notifications] AndroidManifest.xml:18:13-37
172        <receiver
172-->[:flutter_local_notifications] AndroidManifest.xml:19:9-21:40
173            android:name="com.dexterous.flutterlocalnotifications.ScheduledNotificationReceiver"
173-->[:flutter_local_notifications] AndroidManifest.xml:20:13-97
174            android:exported="false" />
174-->[:flutter_local_notifications] AndroidManifest.xml:21:13-37
175        <receiver
175-->[:flutter_local_notifications] AndroidManifest.xml:22:9-31:20
176            android:name="com.dexterous.flutterlocalnotifications.ScheduledNotificationBootReceiver"
176-->[:flutter_local_notifications] AndroidManifest.xml:23:13-101
177            android:exported="false" >
177-->[:flutter_local_notifications] AndroidManifest.xml:24:13-37
178            <intent-filter>
178-->[:flutter_local_notifications] AndroidManifest.xml:25:13-30:29
179                <action android:name="android.intent.action.BOOT_COMPLETED" />
179-->[:flutter_local_notifications] AndroidManifest.xml:26:17-79
179-->[:flutter_local_notifications] AndroidManifest.xml:26:25-76
180                <action android:name="android.intent.action.MY_PACKAGE_REPLACED" />
180-->[:flutter_local_notifications] AndroidManifest.xml:27:17-84
180-->[:flutter_local_notifications] AndroidManifest.xml:27:25-81
181                <action android:name="android.intent.action.QUICKBOOT_POWERON" />
181-->[:flutter_local_notifications] AndroidManifest.xml:28:17-82
181-->[:flutter_local_notifications] AndroidManifest.xml:28:25-79
182                <action android:name="com.htc.intent.action.QUICKBOOT_POWERON" />
182-->[:flutter_local_notifications] AndroidManifest.xml:29:17-82
182-->[:flutter_local_notifications] AndroidManifest.xml:29:25-79
183            </intent-filter>
184        </receiver>
185
186        <provider
186-->[:image_picker_android] AndroidManifest.xml:11:9-19:20
187            android:name="io.flutter.plugins.imagepicker.ImagePickerFileProvider"
187-->[:image_picker_android] AndroidManifest.xml:12:13-82
188            android:authorities="ipet.adocao.com.projetoipet.flutter.image_provider"
188-->[:image_picker_android] AndroidManifest.xml:13:13-74
189            android:exported="false"
189-->[:image_picker_android] AndroidManifest.xml:14:13-37
190            android:grantUriPermissions="true" >
190-->[:image_picker_android] AndroidManifest.xml:15:13-47
191            <meta-data
191-->[:image_picker_android] AndroidManifest.xml:16:13-18:75
192                android:name="android.support.FILE_PROVIDER_PATHS"
192-->[:image_picker_android] AndroidManifest.xml:17:17-67
193                android:resource="@xml/flutter_image_picker_file_paths" />
193-->[:image_picker_android] AndroidManifest.xml:18:17-72
194        </provider> <!-- Trigger Google Play services to install the backported photo picker module. -->
195        <service
195-->[:image_picker_android] AndroidManifest.xml:21:9-33:19
196            android:name="com.google.android.gms.metadata.ModuleDependencies"
196-->[:image_picker_android] AndroidManifest.xml:22:13-78
197            android:enabled="false"
197-->[:image_picker_android] AndroidManifest.xml:23:13-36
198            android:exported="false" >
198-->[:image_picker_android] AndroidManifest.xml:24:13-37
199            <intent-filter>
199-->[:image_picker_android] AndroidManifest.xml:26:13-28:29
200                <action android:name="com.google.android.gms.metadata.MODULE_DEPENDENCIES" />
200-->[:image_picker_android] AndroidManifest.xml:27:17-94
200-->[:image_picker_android] AndroidManifest.xml:27:25-91
201            </intent-filter>
202
203            <meta-data
203-->[:image_picker_android] AndroidManifest.xml:30:13-32:36
204                android:name="photopicker_activity:0:required"
204-->[:image_picker_android] AndroidManifest.xml:31:17-63
205                android:value="" />
205-->[:image_picker_android] AndroidManifest.xml:32:17-33
206        </service>
207
208        <activity
208-->[com.google.firebase:firebase-auth:22.3.1] AndroidManifest.xml:29:9-46:20
209            android:name="com.google.firebase.auth.internal.GenericIdpActivity"
209-->[com.google.firebase:firebase-auth:22.3.1] AndroidManifest.xml:30:13-80
210            android:excludeFromRecents="true"
210-->[com.google.firebase:firebase-auth:22.3.1] AndroidManifest.xml:31:13-46
211            android:exported="true"
211-->[com.google.firebase:firebase-auth:22.3.1] AndroidManifest.xml:32:13-36
212            android:launchMode="singleTask"
212-->[com.google.firebase:firebase-auth:22.3.1] AndroidManifest.xml:33:13-44
213            android:theme="@android:style/Theme.Translucent.NoTitleBar" >
213-->[com.google.firebase:firebase-auth:22.3.1] AndroidManifest.xml:34:13-72
214            <intent-filter>
214-->[com.google.firebase:firebase-auth:22.3.1] AndroidManifest.xml:35:13-45:29
215                <action android:name="android.intent.action.VIEW" />
215-->[com.google.firebase:firebase-auth:22.3.1] AndroidManifest.xml:36:17-69
215-->[com.google.firebase:firebase-auth:22.3.1] AndroidManifest.xml:36:25-66
216
217                <category android:name="android.intent.category.DEFAULT" />
217-->[com.google.firebase:firebase-auth:22.3.1] AndroidManifest.xml:38:17-76
217-->[com.google.firebase:firebase-auth:22.3.1] AndroidManifest.xml:38:27-73
218                <category android:name="android.intent.category.BROWSABLE" />
218-->[com.google.firebase:firebase-auth:22.3.1] AndroidManifest.xml:39:17-78
218-->[com.google.firebase:firebase-auth:22.3.1] AndroidManifest.xml:39:27-75
219
220                <data
220-->src\main\AndroidManifest.xml:48:13-50
221                    android:host="firebase.auth"
222                    android:path="/"
223                    android:scheme="genericidp" />
224            </intent-filter>
225        </activity>
226        <activity
226-->[com.google.firebase:firebase-auth:22.3.1] AndroidManifest.xml:47:9-64:20
227            android:name="com.google.firebase.auth.internal.RecaptchaActivity"
227-->[com.google.firebase:firebase-auth:22.3.1] AndroidManifest.xml:48:13-79
228            android:excludeFromRecents="true"
228-->[com.google.firebase:firebase-auth:22.3.1] AndroidManifest.xml:49:13-46
229            android:exported="true"
229-->[com.google.firebase:firebase-auth:22.3.1] AndroidManifest.xml:50:13-36
230            android:launchMode="singleTask"
230-->[com.google.firebase:firebase-auth:22.3.1] AndroidManifest.xml:51:13-44
231            android:theme="@android:style/Theme.Translucent.NoTitleBar" >
231-->[com.google.firebase:firebase-auth:22.3.1] AndroidManifest.xml:52:13-72
232            <intent-filter>
232-->[com.google.firebase:firebase-auth:22.3.1] AndroidManifest.xml:53:13-63:29
233                <action android:name="android.intent.action.VIEW" />
233-->[com.google.firebase:firebase-auth:22.3.1] AndroidManifest.xml:36:17-69
233-->[com.google.firebase:firebase-auth:22.3.1] AndroidManifest.xml:36:25-66
234
235                <category android:name="android.intent.category.DEFAULT" />
235-->[com.google.firebase:firebase-auth:22.3.1] AndroidManifest.xml:38:17-76
235-->[com.google.firebase:firebase-auth:22.3.1] AndroidManifest.xml:38:27-73
236                <category android:name="android.intent.category.BROWSABLE" />
236-->[com.google.firebase:firebase-auth:22.3.1] AndroidManifest.xml:39:17-78
236-->[com.google.firebase:firebase-auth:22.3.1] AndroidManifest.xml:39:27-75
237
238                <data
238-->src\main\AndroidManifest.xml:48:13-50
239                    android:host="firebase.auth"
240                    android:path="/"
241                    android:scheme="recaptcha" />
242            </intent-filter>
243        </activity>
244
245        <receiver
245-->[com.google.firebase:firebase-messaging:23.4.1] AndroidManifest.xml:29:9-40:20
246            android:name="com.google.firebase.iid.FirebaseInstanceIdReceiver"
246-->[com.google.firebase:firebase-messaging:23.4.1] AndroidManifest.xml:30:13-78
247            android:exported="true"
247-->[com.google.firebase:firebase-messaging:23.4.1] AndroidManifest.xml:31:13-36
248            android:permission="com.google.android.c2dm.permission.SEND" >
248-->[com.google.firebase:firebase-messaging:23.4.1] AndroidManifest.xml:32:13-73
249            <intent-filter>
249-->[:firebase_messaging] AndroidManifest.xml:32:13-34:29
250                <action android:name="com.google.android.c2dm.intent.RECEIVE" />
250-->[:firebase_messaging] AndroidManifest.xml:33:17-81
250-->[:firebase_messaging] AndroidManifest.xml:33:25-78
251            </intent-filter>
252
253            <meta-data
253-->[com.google.firebase:firebase-messaging:23.4.1] AndroidManifest.xml:37:13-39:40
254                android:name="com.google.android.gms.cloudmessaging.FINISHED_AFTER_HANDLED"
254-->[com.google.firebase:firebase-messaging:23.4.1] AndroidManifest.xml:38:17-92
255                android:value="true" />
255-->[com.google.firebase:firebase-messaging:23.4.1] AndroidManifest.xml:39:17-37
256        </receiver>
257        <!--
258             FirebaseMessagingService performs security checks at runtime,
259             but set to not exported to explicitly avoid allowing another app to call it.
260        -->
261        <service
261-->[com.google.firebase:firebase-messaging:23.4.1] AndroidManifest.xml:46:9-53:19
262            android:name="com.google.firebase.messaging.FirebaseMessagingService"
262-->[com.google.firebase:firebase-messaging:23.4.1] AndroidManifest.xml:47:13-82
263            android:directBootAware="true"
263-->[com.google.firebase:firebase-messaging:23.4.1] AndroidManifest.xml:48:13-43
264            android:exported="false" >
264-->[com.google.firebase:firebase-messaging:23.4.1] AndroidManifest.xml:49:13-37
265            <intent-filter android:priority="-500" >
265-->[:firebase_messaging] AndroidManifest.xml:23:13-25:29
266                <action android:name="com.google.firebase.MESSAGING_EVENT" />
266-->[:firebase_messaging] AndroidManifest.xml:24:17-78
266-->[:firebase_messaging] AndroidManifest.xml:24:25-75
267            </intent-filter>
268        </service>
269
270        <provider
270-->[com.google.firebase:firebase-common:20.4.3] AndroidManifest.xml:23:9-28:39
271            android:name="com.google.firebase.provider.FirebaseInitProvider"
271-->[com.google.firebase:firebase-common:20.4.3] AndroidManifest.xml:24:13-77
272            android:authorities="ipet.adocao.com.projetoipet.firebaseinitprovider"
272-->[com.google.firebase:firebase-common:20.4.3] AndroidManifest.xml:25:13-72
273            android:directBootAware="true"
273-->[com.google.firebase:firebase-common:20.4.3] AndroidManifest.xml:26:13-43
274            android:exported="false"
274-->[com.google.firebase:firebase-common:20.4.3] AndroidManifest.xml:27:13-37
275            android:initOrder="100" />
275-->[com.google.firebase:firebase-common:20.4.3] AndroidManifest.xml:28:13-36
276
277        <uses-library
277-->[androidx.window:window:1.0.0-beta04] AndroidManifest.xml:25:9-27:40
278            android:name="androidx.window.extensions"
278-->[androidx.window:window:1.0.0-beta04] AndroidManifest.xml:26:13-54
279            android:required="false" />
279-->[androidx.window:window:1.0.0-beta04] AndroidManifest.xml:27:13-37
280        <uses-library
280-->[androidx.window:window:1.0.0-beta04] AndroidManifest.xml:28:9-30:40
281            android:name="androidx.window.sidecar"
281-->[androidx.window:window:1.0.0-beta04] AndroidManifest.xml:29:13-51
282            android:required="false" />
282-->[androidx.window:window:1.0.0-beta04] AndroidManifest.xml:30:13-37
283
284        <activity
284-->[com.google.android.gms:play-services-base:18.1.0] AndroidManifest.xml:20:9-22:45
285            android:name="com.google.android.gms.common.api.GoogleApiActivity"
285-->[com.google.android.gms:play-services-base:18.1.0] AndroidManifest.xml:20:19-85